Copyright 1986-2022 Xilinx, Inc. All Rights Reserved. Copyright 2022-2025 Advanced Micro Devices, Inc. All Rights Reserved.
------------------------------------------------------------------------------------------------------------------------------------------------------------------
| Tool Version : Vivado v.2025.2 (lin64) Build 6299465 Fri Nov 14 12:34:56 MST 2025
| Date         : Mon May 18 11:44:34 2026
| Host         : xiaoke-ubuntu running 64-bit Ubuntu 22.04.5 LTS
| Command      : report_timing_summary -file /media/xiaokewan/TOSHIBA/Code_phd/dfg-rent/dataflow_comm_scaling/backend_smoke/vivado_run/reports/timing_summary.rpt
| Design       : loop_multiply_wrapper
| Device       : 7a200t-sbg484
| Speed File   : -1  PRODUCTION 1.23 2018-06-13
| Design State : Routed
------------------------------------------------------------------------------------------------------------------------------------------------------------------

Timing Summary Report

------------------------------------------------------------------------------------------------
| Timer Settings
| --------------
------------------------------------------------------------------------------------------------

  Enable Multi Corner Analysis               :  Yes
  Enable Pessimism Removal                   :  Yes
  Pessimism Removal Resolution               :  Nearest Common Node
  Enable Input Delay Default Clock           :  No
  Enable Preset / Clear Arcs                 :  No
  Disable Flight Delays                      :  No
  Ignore I/O Paths                           :  No
  Timing Early Launch at Borrowing Latches   :  No
  Borrow Time for Max Delay Exceptions       :  Yes
  Merge Timing Exceptions                    :  Yes
  Inter-SLR Compensation                     :  Conservative

  Corner  Analyze    Analyze    
  Name    Max Paths  Min Paths  
  ------  ---------  ---------  
  Slow    Yes        Yes        
  Fast    Yes        Yes        


------------------------------------------------------------------------------------------------
| Report Methodology
| ------------------
------------------------------------------------------------------------------------------------

No report available as report_methodology has not been run prior. Run report_methodology on the current design for the summary of methodology violations.



check_timing report

Table of Contents
-----------------
1. checking no_clock (0)
2. checking constant_clock (0)
3. checking pulse_width_clock (0)
4. checking unconstrained_internal_endpoints (0)
5. checking no_input_delay (38)
6. checking no_output_delay (41)
7. checking multiple_clock (0)
8. checking generated_clocks (0)
9. checking loops (0)
10. checking partial_input_delay (0)
11. checking partial_output_delay (0)
12. checking latch_loops (0)

1. checking no_clock (0)
------------------------
 There are 0 register/latch pins with no clock.


2. checking constant_clock (0)
------------------------------
 There are 0 register/latch pins with constant_clock.


3. checking pulse_width_clock (0)
---------------------------------
 There are 0 register/latch pins which need pulse_width check


4. checking unconstrained_internal_endpoints (0)
------------------------------------------------
 There are 0 pins that are not constrained for maximum delay.

 There are 0 pins that are not constrained for maximum delay due to constant clock.


5. checking no_input_delay (38)
-------------------------------
 There are 38 input ports with no input delay specified. (HIGH)

 There are 0 input ports with no input delay but user has a false path constraint.


6. checking no_output_delay (41)
--------------------------------
 There are 41 ports with no output delay specified. (HIGH)

 There are 0 ports with no output delay but user has a false path constraint

 There are 0 ports with no output delay but with a timing clock defined on it or propagating through it


7. checking multiple_clock (0)
------------------------------
 There are 0 register/latch pins with multiple clocks.


8. checking generated_clocks (0)
--------------------------------
 There are 0 generated clocks that are not connected to a clock source.


9. checking loops (0)
---------------------
 There are 0 combinational loops in the design.


10. checking partial_input_delay (0)
------------------------------------
 There are 0 input ports with partial input delay specified.


11. checking partial_output_delay (0)
-------------------------------------
 There are 0 ports with partial output delay specified.


12. checking latch_loops (0)
----------------------------
 There are 0 combinational latch loops in the design through latch input



------------------------------------------------------------------------------------------------
| Design Timing Summary
| ---------------------
------------------------------------------------------------------------------------------------

    WNS(ns)      TNS(ns)  TNS Failing Endpoints  TNS Total Endpoints      WHS(ns)      THS(ns)  THS Failing Endpoints  THS Total Endpoints     WPWS(ns)     TPWS(ns)  TPWS Failing Endpoints  TPWS Total Endpoints  
    -------      -------  ---------------------  -------------------      -------      -------  ---------------------  -------------------     --------     --------  ----------------------  --------------------  
      0.785        0.000                      0                  801        0.119        0.000                      0                  801        4.500        0.000                       0                   337  


All user specified timing constraints are met.


------------------------------------------------------------------------------------------------
| Clock Summary
| -------------
------------------------------------------------------------------------------------------------

Clock  Waveform(ns)       Period(ns)      Frequency(MHz)
-----  ------------       ----------      --------------
clk    {0.000 5.000}      10.000          100.000         


------------------------------------------------------------------------------------------------
| Intra Clock Table
| -----------------
------------------------------------------------------------------------------------------------

Clock             WNS(ns)      TNS(ns)  TNS Failing Endpoints  TNS Total Endpoints      WHS(ns)      THS(ns)  THS Failing Endpoints  THS Total Endpoints     WPWS(ns)     TPWS(ns)  TPWS Failing Endpoints  TPWS Total Endpoints  
-----             -------      -------  ---------------------  -------------------      -------      -------  ---------------------  -------------------     --------     --------  ----------------------  --------------------  
clk                 0.785        0.000                      0                  801        0.119        0.000                      0                  801        4.500        0.000                       0                   337  


------------------------------------------------------------------------------------------------
| Inter Clock Table
| -----------------
------------------------------------------------------------------------------------------------

From Clock    To Clock          WNS(ns)      TNS(ns)  TNS Failing Endpoints  TNS Total Endpoints      WHS(ns)      THS(ns)  THS Failing Endpoints  THS Total Endpoints  
----------    --------          -------      -------  ---------------------  -------------------      -------      -------  ---------------------  -------------------  


------------------------------------------------------------------------------------------------
| Other Path Groups Table
| -----------------------
------------------------------------------------------------------------------------------------

Path Group    From Clock    To Clock          WNS(ns)      TNS(ns)  TNS Failing Endpoints  TNS Total Endpoints      WHS(ns)      THS(ns)  THS Failing Endpoints  THS Total Endpoints  
----------    ----------    --------          -------      -------  ---------------------  -------------------      -------      -------  ---------------------  -------------------  


------------------------------------------------------------------------------------------------
| Timing Details
| --------------
------------------------------------------------------------------------------------------------


---------------------------------------------------------------------------------------------------
From Clock:  clk
  To Clock:  clk

Setup :            0  Failing Endpoints,  Worst Slack        0.785ns,  Total Violation        0.000ns
Hold  :            0  Failing Endpoints,  Worst Slack        0.119ns,  Total Violation        0.000ns
PW    :            0  Failing Endpoints,  Worst Slack        4.500ns,  Total Violation        0.000ns
---------------------------------------------------------------------------------------------------


Max Delay Paths
--------------------------------------------------------------------------------------
Slack (MET) :             0.785ns  (required time - arrival time)
  Source:                 loop_multiply_wrapped/mem_controller1/read_arbiter/data_signals_inst/out_reg_reg[31]/C
                            (rising edge-triggered cell FDRE clocked by clk  {rise@0.000ns fall@5.000ns period=10.000ns})
  Destination:            loop_multiply_wrapped/muli0/mul_4_stage_inst/q2_reg/CEB2
                            (rising edge-triggered cell DSP48E1 clocked by clk  {rise@0.000ns fall@5.000ns period=10.000ns})
  Path Group:             clk
  Path Type:              Setup (Max at Slow Process Corner)
  Requirement:            10.000ns  (clk rise@10.000ns - clk rise@0.000ns)
  Data Path Delay:        8.440ns  (logic 1.549ns (18.352%)  route 6.891ns (81.648%))
  Logic Levels:           7  (LUT3=1 LUT4=1 LUT5=1 LUT6=4)
  Clock Path Skew:        -0.017ns (DCD - SCD + CPR)
    Destination Clock Delay (DCD):    4.690ns = ( 14.690 - 10.000 ) 
    Source Clock Delay      (SCD):    5.036ns
    Clock Pessimism Removal (CPR):    0.328ns
  Clock Uncertainty:      0.035ns  ((TSJ^2 + TIJ^2)^1/2 + DJ) / 2 + PE
    Total System Jitter     (TSJ):    0.071ns
    Total Input Jitter      (TIJ):    0.000ns
    Discrete Jitter          (DJ):    0.000ns
    Phase Error              (PE):    0.000ns

    Location             Delay type                Incr(ns)  Path(ns)    Netlist Resource(s)
  -------------------------------------------------------------------    -------------------
                         (clock clk rise edge)        0.000     0.000 r  
    Y4                                                0.000     0.000 r  clk (IN)
                         net (fo=0)                   0.000     0.000    clk
    Y4                   IBUF (Prop_ibuf_I_O)         0.986     0.986 r  clk_IBUF_inst/O
                         net (fo=1, routed)           2.114     3.100    clk_IBUF
    BUFGCTRL_X0Y0        BUFG (Prop_bufg_I_O)         0.096     3.196 r  clk_IBUF_BUFG_inst/O
                         net (fo=336, routed)         1.840     5.036    loop_multiply_wrapped/mem_controller1/read_arbiter/data_signals_inst/clk_IBUF_BUFG
    SLICE_X0Y118         FDRE                                         r  loop_multiply_wrapped/mem_controller1/read_arbiter/data_signals_inst/out_reg_reg[31]/C
  -------------------------------------------------------------------    -------------------
    SLICE_X0Y118         FDRE (Prop_fdre_C_Q)         0.456     5.492 f  loop_multiply_wrapped/mem_controller1/read_arbiter/data_signals_inst/out_reg_reg[31]/Q
                         net (fo=2, routed)           1.350     6.842    loop_multiply_wrapped/mem_controller1/read_arbiter/data_signals_inst/out_reg[31]
    SLICE_X0Y118         LUT4 (Prop_lut4_I2_O)        0.152     6.994 r  loop_multiply_wrapped/mem_controller1/read_arbiter/data_signals_inst/dataReg[31]_i_39/O
                         net (fo=1, routed)           1.093     8.087    loop_multiply_wrapped/load0/data_tehb/control/dataReg[31]_i_5_0
    SLICE_X0Y118         LUT6 (Prop_lut6_I2_O)        0.326     8.413 r  loop_multiply_wrapped/load0/data_tehb/control/dataReg[31]_i_13/O
                         net (fo=1, routed)           0.811     9.224    loop_multiply_wrapped/mem_controller1/read_arbiter/data_signals_inst/dataReg[31]_i_3__0_0
    SLICE_X0Y119         LUT6 (Prop_lut6_I2_O)        0.124     9.348 r  loop_multiply_wrapped/mem_controller1/read_arbiter/data_signals_inst/dataReg[31]_i_5/O
                         net (fo=2, routed)           0.647     9.995    loop_multiply_wrapped/load0/data_tehb/control/dataReg_reg[31]
    SLICE_X2Y115         LUT6 (Prop_lut6_I1_O)        0.124    10.119 r  loop_multiply_wrapped/load0/data_tehb/control/dataReg[31]_i_3__0/O
                         net (fo=37, routed)          0.656    10.775    loop_multiply_wrapped/load0/data_tehb/control/cmpi0_result[0]
    SLICE_X5Y110         LUT6 (Prop_lut6_I4_O)        0.124    10.899 f  loop_multiply_wrapped/load0/data_tehb/control/reg_out0_i_3/O
                         net (fo=9, routed)           0.617    11.516    loop_multiply_wrapped/control_merge0/fork_dataless/regBlock[1].regblock/dataReg_reg[1]
    SLICE_X5Y109         LUT5 (Prop_lut5_I4_O)        0.124    11.640 r  loop_multiply_wrapped/control_merge0/fork_dataless/regBlock[1].regblock/transmitValue_i_3__4/O
                         net (fo=5, routed)           0.639    12.280    loop_multiply_wrapped/muli0/oehb_inst/condition_ready0__0
    SLICE_X5Y108         LUT3 (Prop_lut3_I2_O)        0.119    12.399 r  loop_multiply_wrapped/muli0/oehb_inst/q0_reg_i_1/O
                         net (fo=54, routed)          1.078    13.476    loop_multiply_wrapped/muli0/mul_4_stage_inst/E[0]
    DSP48_X0Y42          DSP48E1                                      r  loop_multiply_wrapped/muli0/mul_4_stage_inst/q2_reg/CEB2
  -------------------------------------------------------------------    -------------------

                         (clock clk rise edge)       10.000    10.000 r  
    Y4                                                0.000    10.000 r  clk (IN)
                         net (fo=0)                   0.000    10.000    clk
    Y4                   IBUF (Prop_ibuf_I_O)         0.852    10.852 r  clk_IBUF_inst/O
                         net (fo=1, routed)           2.004    12.856    clk_IBUF
    BUFGCTRL_X0Y0        BUFG (Prop_bufg_I_O)         0.091    12.947 r  clk_IBUF_BUFG_inst/O
                         net (fo=336, routed)         1.743    14.690    loop_multiply_wrapped/muli0/mul_4_stage_inst/clk_IBUF_BUFG
    DSP48_X0Y42          DSP48E1                                      r  loop_multiply_wrapped/muli0/mul_4_stage_inst/q2_reg/CLK
                         clock pessimism              0.328    15.019    
                         clock uncertainty           -0.035    14.983    
    DSP48_X0Y42          DSP48E1 (Setup_dsp48e1_CLK_CEB2)
                                                     -0.722    14.261    loop_multiply_wrapped/muli0/mul_4_stage_inst/q2_reg
  -------------------------------------------------------------------
                         required time                         14.261    
                         arrival time                         -13.476    
  -------------------------------------------------------------------
                         slack                                  0.785    





Min Delay Paths
--------------------------------------------------------------------------------------
Slack (MET) :             0.119ns  (arrival time - required time)
  Source:                 loop_multiply_wrapped/muli0/mul_4_stage_inst/q1_reg[9]/C
                            (rising edge-triggered cell FDRE clocked by clk  {rise@0.000ns fall@5.000ns period=10.000ns})
  Destination:            loop_multiply_wrapped/muli0/mul_4_stage_inst/q2_reg[9]/D
                            (rising edge-triggered cell FDRE clocked by clk  {rise@0.000ns fall@5.000ns period=10.000ns})
  Path Group:             clk
  Path Type:              Hold (Min at Fast Process Corner)
  Requirement:            0.000ns  (clk rise@0.000ns - clk rise@0.000ns)
  Data Path Delay:        0.197ns  (logic 0.141ns (71.611%)  route 0.056ns (28.389%))
  Logic Levels:           0  
  Clock Path Skew:        0.000ns (DCD - SCD - CPR)
    Destination Clock Delay (DCD):    2.065ns
    Source Clock Delay      (SCD):    1.543ns
    Clock Pessimism Removal (CPR):    0.522ns

    Location             Delay type                Incr(ns)  Path(ns)    Netlist Resource(s)
  -------------------------------------------------------------------    -------------------
                         (clock clk rise edge)        0.000     0.000 r  
    Y4                                                0.000     0.000 r  clk (IN)
                         net (fo=0)                   0.000     0.000    clk
    Y4                   IBUF (Prop_ibuf_I_O)         0.215     0.215 r  clk_IBUF_inst/O
                         net (fo=1, routed)           0.676     0.891    clk_IBUF
    BUFGCTRL_X0Y0        BUFG (Prop_bufg_I_O)         0.026     0.917 r  clk_IBUF_BUFG_inst/O
                         net (fo=336, routed)         0.627     1.543    loop_multiply_wrapped/muli0/mul_4_stage_inst/clk_IBUF_BUFG
    SLICE_X11Y105        FDRE                                         r  loop_multiply_wrapped/muli0/mul_4_stage_inst/q1_reg[9]/C
  -------------------------------------------------------------------    -------------------
    SLICE_X11Y105        FDRE (Prop_fdre_C_Q)         0.141     1.684 r  loop_multiply_wrapped/muli0/mul_4_stage_inst/q1_reg[9]/Q
                         net (fo=1, routed)           0.056     1.740    loop_multiply_wrapped/muli0/mul_4_stage_inst/q1_reg_n_0_[9]
    SLICE_X11Y105        FDRE                                         r  loop_multiply_wrapped/muli0/mul_4_stage_inst/q2_reg[9]/D
  -------------------------------------------------------------------    -------------------

                         (clock clk rise edge)        0.000     0.000 r  
    Y4                                                0.000     0.000 r  clk (IN)
                         net (fo=0)                   0.000     0.000    clk
    Y4                   IBUF (Prop_ibuf_I_O)         0.404     0.404 r  clk_IBUF_inst/O
                         net (fo=1, routed)           0.734     1.138    clk_IBUF
    BUFGCTRL_X0Y0        BUFG (Prop_bufg_I_O)         0.029     1.167 r  clk_IBUF_BUFG_inst/O
                         net (fo=336, routed)         0.899     2.065    loop_multiply_wrapped/muli0/mul_4_stage_inst/clk_IBUF_BUFG
    SLICE_X11Y105        FDRE                                         r  loop_multiply_wrapped/muli0/mul_4_stage_inst/q2_reg[9]/C
                         clock pessimism             -0.522     1.543    
    SLICE_X11Y105        FDRE (Hold_fdre_C_D)         0.078     1.621    loop_multiply_wrapped/muli0/mul_4_stage_inst/q2_reg[9]
  -------------------------------------------------------------------
                         required time                         -1.621    
                         arrival time                           1.740    
  -------------------------------------------------------------------
                         slack                                  0.119    





Pulse Width Checks
--------------------------------------------------------------------------------------
Clock Name:         clk
Waveform(ns):       { 0.000 5.000 }
Period(ns):         10.000
Sources:            { clk }

Check Type        Corner  Lib Pin      Reference Pin  Required(ns)  Actual(ns)  Slack(ns)  Location      Pin
Min Period        n/a     DSP48E1/CLK  n/a            3.884         10.000      6.116      DSP48_X0Y40   loop_multiply_wrapped/muli0/mul_4_stage_inst/q0_reg/CLK
Low Pulse Width   Slow    FDRE/C       n/a            0.500         5.000       4.500      SLICE_X1Y105  loop_multiply_wrapped/buffer0/dataReg_reg[0]/C
High Pulse Width  Slow    FDRE/C       n/a            0.500         5.000       4.500      SLICE_X1Y105  loop_multiply_wrapped/buffer0/dataReg_reg[0]/C



